build/app/outputs/mapping/release/seeds.txt
androidx.appcompat.R$style: int Base_TextAppearance_AppCompat_Widget_Button_Inverse
com.facebook.common.R$style: int Widget_AppCompat_CompoundButton_Switch
androidx.appcompat.R$style: int Base_Widget_AppCompat_ActivityChooserView
io.flutter.view.AccessibilityViewEmbedder: java.lang.Integer getRecordFlutterId(android.view.View,android.view.accessibility.AccessibilityRecord)
androidx.appcompat.R$id: int custom
io.flutter.view.AccessibilityViewEmbedder: void setFlutterNodeParent(android.view.accessibility.AccessibilityNodeInfo,android.view.View,android.view.accessibility.AccessibilityNodeInfo)
io.flutter.embedding.engine.FlutterJNI: void onPreEngineRestart()
androidx.appcompat.R$styleable: int AppCompatTheme_switchStyle
androidx.appcompat.R$attr: int textColorSearchUrl
androidx.appcompat.R$string: int abc_activity_chooser_view_see_all
com.facebook.common.R$id: int spacer
androidx.appcompat.R$styleable: int AppCompatImageView_tintMode
androidx.appcompat.R$style: int ThemeOverlay_AppCompat_Light
com.facebook.FacebookActivity: FacebookActivity()
androidx.appcompat.widget.SearchView$SearchAutoComplete: SearchView$SearchAutoComplete(android.content.Context,android.util.AttributeSet)
androidx.appcompat.R$attr: int iconTintMode
androidx.appcompat.R$id: int decor_content_parent
androidx.appcompat.R$attr: int backgroundSplit
androidx.appcompat.R$styleable: int AppCompatTheme_buttonBarStyle
com.facebook.common.R$style: int TextAppearance_AppCompat_Widget_ActionBar_Subtitle_Inverse
com.facebook.common.R$id: int action_menu_divider
androidx.appcompat.R$style: int Base_V7_Widget_AppCompat_Toolbar
com.google.firebase.auth.internal.zzp: android.os.Parcelable$Creator CREATOR
com.google.firebase.storage.StorageRegistrar
androidx.appcompat.R$style: int Widget_AppCompat_ActionBar_TabView
androidx.appcompat.R$style: int Base_Widget_AppCompat_ProgressBar_Horizontal
com.google.firebase.firestore.Query$Direction: com.google.firebase.firestore.Query$Direction valueOf(java.lang.String)
androidx.appcompat.R$dimen: int notification_subtext_size
com.google.firebase.firestore.core.UserData$Source: com.google.firebase.firestore.core.UserData$Source[] values()
androidx.appcompat.R$styleable: int AppCompatTheme_actionBarTabBarStyle
com.squareup.okhttp.Protocol: com.squareup.okhttp.Protocol valueOf(java.lang.String)
androidx.appcompat.R$styleable: int AppCompatTextView_textAllCaps
androidx.appcompat.widget.ActionBarOverlayLayout: ActionBarOverlayLayout(android.content.Context)
com.facebook.common.R$id: int right
androidx.core.R$styleable: int FontFamilyFont_fontWeight
androidx.appcompat.R$dimen: int highlight_alpha_material_light
androidx.appcompat.R$dimen: int abc_button_inset_horizontal_material
com.facebook.common.R$style: int Widget_AppCompat_ListMenuView
androidx.appcompat.R$styleable: int Toolbar_subtitle
androidx.appcompat.widget.FitWindowsFrameLayout: FitWindowsFrameLayout(android.content.Context,android.util.AttributeSet)
androidx.appcompat.R$drawable: int abc_ic_search_api_material
androidx.lifecycle.ReportFragment$LifecycleCallbacks: void onActivityResumed(android.app.Activity)
androidx.appcompat.R$styleable: int LinearLayoutCompat_Layout_android_layout_width
androidx.appcompat.R$style: int Base_V28_Theme_AppCompat_Light
androidx.appcompat.R$styleable: int DrawerArrowToggle_arrowHeadLength
androidx.vectordrawable.graphics.drawable.VectorDrawableCompat$VFullPath: void setFillColor(int)
com.facebook.common.R$style: int TextAppearance_AppCompat
com.google.firebase.firestore.model.Document$DocumentState: com.google.firebase.firestore.model.Document$DocumentState[] values()
io.flutter.plugin.platform.SingleViewPresentation: android.view.View$OnFocusChangeListener focusChangeListener
androidx.appcompat.R$styleable: int SearchView_android_inputType
com.facebook.common.R$style: int Base_Widget_AppCompat_Light_ActionBar
com.facebook.common.R$id: int action_bar_subtitle