build/app/outputs/mapping/release/mapping.txt
# compiler: R8
# compiler_version: 1.6.82
# min_api: 21
# pg_map_id: 1728550
# common_typos_disable
...
io.flutter.embedding.engine.systemchannels.TextInputChannel$Configuration -> io.flutter.embedding.engine.i.l$b:
    java.lang.String actionLabel -> g
    java.lang.Integer inputAction -> f
    io.flutter.embedding.engine.systemchannels.TextInputChannel$Configuration[] fields -> i
    io.flutter.embedding.engine.systemchannels.TextInputChannel$InputType inputType -> e
    io.flutter.embedding.engine.systemchannels.TextInputChannel$Configuration$Autofill autofill -> h
    boolean obscureText -> a
    boolean autocorrect -> b
    boolean enableSuggestions -> c
    io.flutter.embedding.engine.systemchannels.TextInputChannel$TextCapitalization textCapitalization -> d
    io.flutter.embedding.engine.systemchannels.TextInputChannel$Configuration fromJson(org.json.JSONObject) -> a
    java.lang.Integer inputActionFromTextInputAction(java.lang.String) -> a
io.flutter.embedding.engine.systemchannels.TextInputChannel$Configuration$Autofill -> io.flutter.embedding.engine.i.l$b$a:
    io.flutter.embedding.engine.systemchannels.TextInputChannel$TextEditState editState -> c
    java.lang.String uniqueIdentifier -> a
    java.lang.String[] hints -> b
    io.flutter.embedding.engine.systemchannels.TextInputChannel$Configuration$Autofill fromJson(org.json.JSONObject) -> a
    java.lang.String translateAutofillHint(java.lang.String) -> a
io.flutter.embedding.engine.systemchannels.TextInputChannel$InputType -> io.flutter.embedding.engine.i.l$c:
    io.flutter.embedding.engine.systemchannels.TextInputChannel$TextInputType type -> a
    boolean isSigned -> b
    boolean isDecimal -> c
    io.flutter.embedding.engine.systemchannels.TextInputChannel$InputType fromJson(org.json.JSONObject) -> a
io.flutter.embedding.engine.systemchannels.TextInputChannel$TextCapitalization -> io.flutter.embedding.engine.i.l$d:
    io.flutter.embedding.engine.systemchannels.TextInputChannel$TextCapitalization CHARACTERS -> c
    io.flutter.embedding.engine.systemchannels.TextInputChannel$TextCapitalization[] $VALUES -> g
    io.flutter.embedding.engine.systemchannels.TextInputChannel$TextCapitalization NONE -> f
    java.lang.String encodedName -> b
    io.flutter.embedding.engine.systemchannels.TextInputChannel$TextCapitalization WORDS -> d
    io.flutter.embedding.engine.systemchannels.TextInputChannel$TextCapitalization SENTENCES -> e
    io.flutter.embedding.engine.systemchannels.TextInputChannel$TextCapitalization fromValue(java.lang.String) -> a
io.flutter.embedding.engine.systemchannels.TextInputChannel$TextEditState -> io.flutter.embedding.engine.i.l$e:
    java.lang.String text -> a
    int selectionStart -> b
    int selectionEnd -> c
    io.flutter.embedding.engine.systemchannels.TextInputChannel$TextEditState fromJson(org.json.JSONObject) -> a
io.flutter.embedding.engine.systemchannels.TextInputChannel$TextInputMethodHandler -> io.flutter.embedding.engine.i.l$f:
    void setClient(int,io.flutter.embedding.engine.systemchannels.TextInputChannel$Configuration) -> a
    void setEditableSizeAndTransform(double,double,double[]) -> a
    void setEditingState(io.flutter.embedding.engine.systemchannels.TextInputChannel$TextEditState) -> a
    void setPlatformViewClient(int) -> a
    void show() -> a
    void clearClient() -> b
    void requestAutofill() -> c
    void hide() -> d