build/app/outputs/mapping/release/usage.txt
com.google.android.gms.internal.firebase_auth.zzkq$zza
com.squareup.okhttp.internal.Util$1
io.opencensus.trace.AutoValue_AttributeValue_AttributeValueLong
com.google.firebase.storage.R$bool
com.google.firebase.auth.api.internal.zzee:
    public final synthetic com.google.firebase.auth.api.internal.zzai zzdt()
com.google.common.cache.LocalCache$ValueIterator
com.google.common.collect.Cut$AboveValue
com.google.common.graph.ConfigurableValueGraph
com.google.android.gms.internal.firebase_auth.zzp
com.google.common.graph.DirectedNetworkConnections
com.google.common.collect.SortedLists$KeyPresentBehavior$2
androidx.appcompat.widget.ActivityChooserModel$ActivityChooserModelClient
io.opencensus.stats.AggregationData$1
com.google.common.base.CaseFormat$3
com.google.common.collect.Multimaps$TransformedEntriesListMultimap
kotlin.ranges.CharRange$Companion
androidx.appcompat.app.ActionBarDrawerToggle$ToolbarCompatDelegate
com.squareup.okhttp.Handshake
androidx.annotation.VisibleForTesting
com.google.android.gms.common.server.response.zai
io.grpc.ServerInterceptors$InterceptCallHandler
com.google.common.io.CharSource$EmptyCharSource
kotlin.Unit
io.flutter.plugins.flutter_plugin_android_lifecycle.R$layout
io.opencensus.stats.ViewData$5$2
io.grpc.internal.OobChannel$5
com.google.common.util.concurrent.SimpleTimeLimiter
com.google.common.collect.FilteredEntryMultimap$AsMap
androidx.appcompat.app.TwilightCalculator
io.opencensus.common.ServerStatsEncoding
com.google.protobuf.ExtensionRegistryLite:
    public static boolean isEagerlyParseMessageSets()
    public static void setEagerlyParseMessageSets(boolean)
    public static com.google.protobuf.ExtensionRegistryLite newInstance()
    void <init>(com.google.protobuf.ExtensionRegistryLite)
    public com.google.protobuf.ExtensionRegistryLite getUnmodifiable()
    public com.google.protobuf.GeneratedMessageLite$GeneratedExtension findLiteExtensionByNumber(com.google.protobuf.MessageLite,int)
    public final void add(com.google.protobuf.GeneratedMessageLite$GeneratedExtension)
    public final void add(com.google.protobuf.ExtensionLite)
    static final java.lang.String EXTENSION_CLASS_NAME
com.google.firestore.v1.CommitRequestOrBuilder:
    public abstract java.lang.String getDatabase()
    public abstract com.google.protobuf.ByteString getDatabaseBytes()
    public abstract java.util.List getWritesList()
    public abstract com.google.firestore.v1.Write getWrites(int)
    public abstract int getWritesCount()
    public abstract com.google.protobuf.ByteString getTransaction()
com.google.common.io.ByteStreams$ByteArrayDataOutputStream
androidx.core.view.inputmethod.InputContentInfoCompat
com.google.common.graph.Traverser$TreeTraverser$DepthFirstPostOrderIterator
com.google.common.util.concurrent.ListeningExecutorService
androidx.legacy.coreutils.R$attr
kotlin.contracts.ConditionalEffect
com.google.protobuf.Method$Builder
com.google.android.gms.common.R$integer
com.google.common.collect.UsingToStringOrdering
com.google.android.gms.internal.firebase_auth.zzjn
androidx.activity.R
androidx.print.PrintHelper$PrintUriAdapter$1
androidx.browser.R$style
androidx.media.session.MediaButtonReceiver$MediaButtonConnectionCallback
com.google.gson.TypeAdapter:
    public final void toJson(java.io.Writer,java.lang.Object)
    public final java.lang.String toJson(java.lang.Object)
    public final java.lang.Object fromJson(java.io.Reader)
    public final java.lang.Object fromJson(java.lang.String)
    public final java.lang.Object fromJsonTree(com.google.gson.JsonElement)
com.google.common.graph.AbstractBaseGraph$IncidentEdgeSet$Directed$2
androidx.core.app.NotificationCompat$BigTextStyle:
    public void <init>(androidx.core.app.NotificationCompat$Builder)
    public androidx.core.app.NotificationCompat$BigTextStyle setBigContentTitle(java.lang.CharSequence)
    public androidx.core.app.NotificationCompat$BigTextStyle setSummaryText(java.lang.CharSequence)
kotlin.jvm.internal.CharSpreadBuilder